Containers:
  [+] MainContainer:
   |            ID: 0x0000000000000000
   |        Bounds: IsValid=false, Min=(X=0.000 Y=0.000 Z=0.000), Max=(X=0.000 Y=0.000 Z=0.000)
   |     Transform: 0.000000,0.000000,0.000000|0.000000,0.000000,-0.000000|1.000000,1.000000,1.000000
   |     Container: /Game/ThirdPerson/Maps/ThirdPersonMap
   |  ActorDescs:
   |      - Guid:1540261D46E2E119DE9871BB6C5D6F4B Class:SpotLight Name:SpotLight_UAID_5084928B758B053801_2059237176 SpatiallyLoaded:true Bounds:IsValid=true, Min=(X=-188.292 Y=-505.082 Z=-877.545), Max=(X=1201.872 Y=885.082 Z=512.618) RuntimeGrid:None EditorOnly:false LevelBoundsRelevant:false HLODRelevant:false FolderPath:None FolderGuid:00000000000000000000000000000000 Parent:00000000000000000000000000000000
   |      - Guid:175ED7BA46682897C49CE08E4B02C487 Class:StaticMeshActor Name:StaticMeshActor_UAID_5084928B758BCC3701_1956311145 SpatiallyLoaded:true Bounds:IsValid=true, Min=(X=705.000 Y=235.000 Z=-5.000), Max=(X=755.000 Y=285.000 Z=45.000) RuntimeGrid:None EditorOnly:false LevelBoundsRelevant:true HLODRelevant:false FolderPath:None FolderGuid:00000000000000000000000000000000 Parent:00000000000000000000000000000000
   |      - Guid:1BB3CBD34E4A0833AC705B9AB7A12067 Class:StaticMeshActor Name:StaticMeshActor_UAID_5084928B758B053801_2109322178 SpatiallyLoaded:true Bounds:IsValid=true, Min=(X=1070.000 Y=10.000 Z=-50.000), Max=(X=1895.000 Y=585.000 Z=0.000) RuntimeGrid:None EditorOnly:false LevelBoundsRelevant:true HLODRelevant:true FolderPath:Playground FolderGuid:C73F09FC4215536B1DCE2A9E0A830C70 Parent:00000000000000000000000000000000
   |      - Guid:20AD295849F136F9DE84DF913F062C63 Class:SpotLight Name:SpotLight_UAID_5084928B758B053801_2084286177 SpatiallyLoaded:true Bounds:IsValid=true, Min=(X=545.335 Y=-234.665 Z=-442.354), Max=(X=1414.665 Y=634.665 Z=426.976) RuntimeGrid:None EditorOnly:false LevelBoundsRelevant:false HLODRelevant:false FolderPath:None FolderGuid:00000000000000000000000000000000 Parent:00000000000000000000000000000000
   |      - Guid:3A00AA1C422CE54C0BDB60BAF471BFBB Class:PlayerStart Name:PlayerStart_0 SpatiallyLoaded:false Bounds:IsValid=true, Min=(X=20.000 Y=210.000 Z=0.013), Max=(X=100.000 Y=290.000 Z=184.013) RuntimeGrid:None EditorOnly:false LevelBoundsRelevant:true HLODRelevant:false FolderPath:None FolderGuid:00000000000000000000000000000000 Parent:00000000000000000000000000000000
   |      - Guid:5B97F4A64FB21F77EFC44386BF705B4C Class:TextRenderActor Name:TextRenderActor_1 SpatiallyLoaded:true Bounds:IsValid=true, Min=(X=-0.100 Y=1100.000 Z=65.013), Max=(X=-0.100 Y=2392.308 Z=215.013) RuntimeGrid:None EditorOnly:false LevelBoundsRelevant:true HLODRelevant:false FolderPath:None FolderGuid:00000000000000000000000000000000 Parent:00000000000000000000000000000000
   |      - Guid:6BAF4DDD444C60371492D3919DB42C97 Class:WorldDataLayers Name:WorldDataLayers SpatiallyLoaded:false Bounds:IsValid=true, Min=(X=0.000 Y=0.000 Z=0.000), Max=(X=0.000 Y=0.000 Z=0.000) RuntimeGrid:None EditorOnly:false LevelBoundsRelevant:false HLODRelevant:false FolderPath:None FolderGuid:00000000000000000000000000000000 Parent:00000000000000000000000000000000
   |      - Guid:B995B3834410D2ECB5678FA20C52FBD7 Class:StaticMeshActor Name:StaticMeshActor_UAID_5084928B758BCC3701_1341595143 SpatiallyLoaded:true Bounds:IsValid=true, Min=(X=-90.000 Y=10.000 Z=0.000), Max=(X=10.000 Y=585.000 Z=400.000) RuntimeGrid:None EditorOnly:false LevelBoundsRelevant:true HLODRelevant:true FolderPath:Playground FolderGuid:C73F09FC4215536B1DCE2A9E0A830C70 Parent:00000000000000000000000000000000
   |      - Guid:BC08B79C4EA3C961CFF75EBBE83B367D Class:StaticMeshActor Name:StaticMeshActor_5 SpatiallyLoaded:true Bounds:IsValid=true, Min=(X=0.000 Y=0.000 Z=0.000), Max=(X=3000.000 Y=100.000 Z=400.000) RuntimeGrid:None EditorOnly:false LevelBoundsRelevant:true HLODRelevant:true FolderPath:Playground FolderGuid:C73F09FC4215536B1DCE2A9E0A830C70 Parent:00000000000000000000000000000000
   |      - Guid:E06D320A48B749CA82419FADC2D59FC1 Class:StaticMeshActor Name:StaticMeshActor_UAID_5084928B758B053801_2113500179 SpatiallyLoaded:true Bounds:IsValid=true, Min=(X=2170.000 Y=20.000 Z=-50.000), Max=(X=2995.000 Y=595.000 Z=0.000) RuntimeGrid:None EditorOnly:false LevelBoundsRelevant:true HLODRelevant:true FolderPath:Playground FolderGuid:C73F09FC4215536B1DCE2A9E0A830C70 Parent:00000000000000000000000000000000
   |      - Guid:E07344A442ED92388E6AF88FA8AA1CE7 Class:DirectionalLight Name:DirectionalLight_UAID_5084928B758B053801_1966143175 SpatiallyLoaded:false Bounds:IsValid=true, Min=(X=-1048576.000 Y=-1048576.000 Z=-1048576.000), Max=(X=1048576.000 Y=1048576.000 Z=1048576.000) RuntimeGrid:None EditorOnly:false LevelBoundsRelevant:false HLODRelevant:false FolderPath:None FolderGuid:00000000000000000000000000000000 Parent:00000000000000000000000000000000
   |      - Guid:F1924B8D48954B30891B2DB6A694F9CC Class:StaticMeshActor Name:StaticMeshActor_1 SpatiallyLoaded:true Bounds:IsValid=true, Min=(X=0.000 Y=0.000 Z=-50.000), Max=(X=825.000 Y=575.000 Z=0.000) RuntimeGrid:None EditorOnly:false LevelBoundsRelevant:true HLODRelevant:true FolderPath:Playground FolderGuid:C73F09FC4215536B1DCE2A9E0A830C70 Parent:00000000000000000000000000000000
   |      - Guid:F4BB36CB4C6684FA701EE192647C0010 Class:StaticMeshActor Name:StaticMeshActor_UAID_5084928B758B053801_2116921180 SpatiallyLoaded:true Bounds:IsValid=true, Min=(X=-330.000 Y=30.000 Z=-600.000), Max=(X=3195.000 Y=605.000 Z=-550.000) RuntimeGrid:None EditorOnly:false LevelBoundsRelevant:true HLODRelevant:true FolderPath:Playground FolderGuid:C73F09FC4215536B1DCE2A9E0A830C70 Parent:00000000000000000000000000000000
